<?xml version="1.0" encoding="UTF-8"?>
<!-- Generated by org.testng.reporters.JUnitXMLReporter -->
<testsuite ignored="0" hostname="Mohammad-Kamran" failures="0" tests="5" name="Default test" time="2.412" errors="0" timestamp="2025-01-02T02:23:21 IST">
  <testcase classname="offercart.CartServiceOfferTest" name="when_FlatX_Amount_Off_Applied" time="2.138"/>
  <testcase classname="offercart.CartServiceOfferTest" name="when_FlatX_Percent_Off_Applied" time="0.078"/>
  <testcase classname="offercart.CartServiceOfferTest" name="when_No_ApplicableOffer_Applied" time="0.061"/>
  <testcase classname="offercart.CartServiceOfferTest" name="when_passed_Invalid_UserSegment" time="0.044"/>
  <testcase classname="offercart.CartServiceOfferTest" name="when_passed_Missing_UserSegment" time="0.039"/>
</testsuite> <!-- Default test -->
