<?xml version="1.0" encoding="UTF-8"?>
<!-- Generated by org.testng.reporters.JUnitXMLReporter -->
<testsuite ignored="5" hostname="Mohammad-Kamran" failures="0" tests="1" name="Default test" time="1.84" errors="0" timestamp="2025-01-02T03:18:10 IST">
  <testcase classname="offercart.CartServiceOfferTest" name="when_passed_invalid_resturant" time="1.805"/>
  <testcase classname="offercart.CartServiceOfferTest" name="when_FlatX_Percent_Off_Applied" time="0.0">
    <ignored/>
  </testcase> <!-- when_FlatX_Percent_Off_Applied -->
  <testcase classname="offercart.CartServiceOfferTest" name="when_passed_Missing_UserSegment" time="0.0">
    <ignored/>
  </testcase> <!-- when_passed_Missing_UserSegment -->
  <testcase classname="offercart.CartServiceOfferTest" name="when_passed_Invalid_UserSegment" time="0.0">
    <ignored/>
  </testcase> <!-- when_passed_Invalid_UserSegment -->
  <testcase classname="offercart.CartServiceOfferTest" name="when_FlatX_Amount_Off_Applied" time="0.0">
    <ignored/>
  </testcase> <!-- when_FlatX_Amount_Off_Applied -->
  <testcase classname="offercart.CartServiceOfferTest" name="when_No_ApplicableOffer_Applied" time="0.0">
    <ignored/>
  </testcase> <!-- when_No_ApplicableOffer_Applied -->
</testsuite> <!-- Default test -->
