<?xml version="1.0" encoding="UTF-8"?>
<testng-results ignored="0" total="1" passed="1" failed="0" skipped="0">
  <reporter-output>
  </reporter-output>
  <suite started-at="2025-01-02T03:18:08 IST" name="Default suite" finished-at="2025-01-02T03:18:10 IST" duration-ms="1840">
    <groups>
    </groups>
    <test started-at="2025-01-02T03:18:08 IST" name="Default test" finished-at="2025-01-02T03:18:10 IST" duration-ms="1840">
      <class name="offercart.CartServiceOfferTest">
        <test-method signature="when_passed_invalid_resturant()[pri:0, instance:offercart.CartServiceOfferTest@5aa9e4eb]" started-at="2025-01-02T03:18:08 IST" name="when_passed_invalid_resturant" finished-at="2025-01-02T03:18:10 IST" duration-ms="1805" status="PASS">
          <reporter-output>
          </reporter-output>
        </test-method> <!-- when_passed_invalid_resturant -->
      </class> <!-- offercart.CartServiceOfferTest -->
    </test> <!-- Default test -->
  </suite> <!-- Default suite -->
</testng-results>
